<?xml version="1.0" encoding="UTF-8"?>
<!-- Generated by org.testng.reporters.JUnitXMLReporter -->
<testsuite ignored="0" hostname="LAPTOP-5DMPA42V" failures="0" tests="2" name="Test2" time="10.053" errors="0" timestamp="2023-09-25T16:46:56 IST">
  <testcase classname="com.HMS.admin.AddDoctor_AdminModuleTest" name="addDoctor_AdminModuleTest" time="0.0">
    <skipped/>
  </testcase> <!-- addDoctor_AdminModuleTest -->
  <testcase classname="com.HMS.admin.AddDoctor_AdminModuleTest" name="addDoctor_AdminModuleTest" time="0.0">
    <skipped/>
  </testcase> <!-- addDoctor_AdminModuleTest -->
</testsuite> <!-- Test2 -->
