<?xml version="1.0" encoding="UTF-8"?>
<!-- Generated by org.testng.reporters.JUnitXMLReporter -->
<testsuite ignored="16" hostname="LAPTOP-5DMPA42V" failures="0" tests="5" name="Test" time="48.433" errors="0" timestamp="2023-09-20T10:52:36 IST">
  <testcase classname="com.HMS.admin.AddDoctorSpecialinzation_AdminModuleTest" name="addDoctorSpecialinzation_AdminModuleTest" time="5.267"/>
  <testcase classname="com.HMS.admin.AddDoctor_AdminModuleTest" name="addDoctor_AdminModuleTest" time="5.3"/>
  <testcase classname="com.HMS.admin.ManageDoctor_AdminModuleTest" name="manageDoctor_AdminModuleTest" time="1.803"/>
  <testcase classname="com.HMS.admin.EditDoctorDetails_AdminModuleTest" name="editDoctorDetails_AdminModuleTest" time="2.556"/>
  <testcase classname="com.HMS.admin.DeleteDoctor_AdminModuleTest" name="deleteDoctor_AdminModuleTest" time="1.852"/>
  <testcase classname="com.hms.genericUtils.BaseClass" name="@BeforeSuite BS" time="0.0">
    <ignored/>
  </testcase> <!-- @BeforeSuite BS -->
  <testcase classname="com.hms.genericUtils.BaseClass" name="@BeforeTest BT" time="0.0">
    <ignored/>
  </testcase> <!-- @BeforeTest BT -->
  <testcase classname="com.hms.genericUtils.BaseClass" name="@BeforeTest BT" time="0.0">
    <ignored/>
  </testcase> <!-- @BeforeTest BT -->
  <testcase classname="com.hms.genericUtils.BaseClass" name="@AfterSuite AS" time="0.0">
    <ignored/>
  </testcase> <!-- @AfterSuite AS -->
  <testcase classname="com.hms.genericUtils.BaseClass" name="@BeforeSuite BS" time="0.0">
    <ignored/>
  </testcase> <!-- @BeforeSuite BS -->
  <testcase classname="com.hms.genericUtils.BaseClass" name="@AfterTest AT" time="0.0">
    <ignored/>
  </testcase> <!-- @AfterTest AT -->
  <testcase classname="com.hms.genericUtils.BaseClass" name="@AfterTest AT" time="0.0">
    <ignored/>
  </testcase> <!-- @AfterTest AT -->
  <testcase classname="com.hms.genericUtils.BaseClass" name="@BeforeTest BT" time="0.0">
    <ignored/>
  </testcase> <!-- @BeforeTest BT -->
  <testcase classname="com.hms.genericUtils.BaseClass" name="@BeforeTest BT" time="0.0">
    <ignored/>
  </testcase> <!-- @BeforeTest BT -->
  <testcase classname="com.hms.genericUtils.BaseClass" name="@AfterSuite AS" time="0.0">
    <ignored/>
  </testcase> <!-- @AfterSuite AS -->
  <testcase classname="com.hms.genericUtils.BaseClass" name="@AfterSuite AS" time="0.0">
    <ignored/>
  </testcase> <!-- @AfterSuite AS -->
  <testcase classname="com.hms.genericUtils.BaseClass" name="@BeforeSuite BS" time="0.0">
    <ignored/>
  </testcase> <!-- @BeforeSuite BS -->
  <testcase classname="com.hms.genericUtils.BaseClass" name="@AfterTest AT" time="0.0">
    <ignored/>
  </testcase> <!-- @AfterTest AT -->
  <testcase classname="com.hms.genericUtils.BaseClass" name="@BeforeSuite BS" time="0.0">
    <ignored/>
  </testcase> <!-- @BeforeSuite BS -->
  <testcase classname="com.hms.genericUtils.BaseClass" name="@AfterSuite AS" time="0.0">
    <ignored/>
  </testcase> <!-- @AfterSuite AS -->
  <testcase classname="com.hms.genericUtils.BaseClass" name="@AfterTest AT" time="0.0">
    <ignored/>
  </testcase> <!-- @AfterTest AT -->
</testsuite> <!-- Test -->
