<?xml version="1.0" encoding="UTF-8"?>
<testng-results ignored="0" total="1" passed="1" failed="0" skipped="0">
  <reporter-output>
  </reporter-output>
  <suite started-at="2023-10-03T17:52:36 IST" name="Default suite" finished-at="2023-10-03T17:52:46 IST" duration-ms="9386">
    <groups>
    </groups>
    <test started-at="2023-10-03T17:52:36 IST" name="Default test" finished-at="2023-10-03T17:52:46 IST" duration-ms="9386">
      <class name="mock.EmiCaluculater">
        <test-method signature="emiCaluculater()[pri:0, instance:mock.EmiCaluculater@202b0582]" started-at="2023-10-03T17:52:36 IST" name="emiCaluculater" finished-at="2023-10-03T17:52:46 IST" duration-ms="9337" status="PASS">
          <reporter-output>
          </reporter-output>
        </test-method> <!-- emiCaluculater -->
      </class> <!-- mock.EmiCaluculater -->
    </test> <!-- Default test -->
  </suite> <!-- Default suite -->
</testng-results>
